<?xml version="1.0" encoding="UTF-8"?>
<!-- Generated by org.testng.reporters.JUnitReportReporter -->
<testsuite hostname="KRISSELL01" failures="0" tests="1" name="com.sdet.labs.Restful_Web_Services_Test" time="2.309" errors="0" timestamp="2023-10-24T22:11:16 SGT" skipped="0">
  <testcase classname="com.sdet.labs.Restful_Web_Services_Test" name="PutRequestTest" time="2.309"/>
  <system-out/>
</testsuite> <!-- com.sdet.labs.Restful_Web_Services_Test -->
